<?xml version="1.0" encoding="UTF-8"?>
<testsuite name="user_test" tests="2" skipped="0" failures="1" errors="0" timestamp="2024-09-09T20:06:06" hostname="64e285baba12" time="3.410597593"><testcase name="user_test::user_tests::contract_consumer" classname="user_test" time="0.554894147"/><testcase name="user_test::user_tests::contract_provider" classname="user_test" time="3.40937953"><failure message="assertion failed">&quot;200&quot;
thread &apos;user_test::user_tests::contract_provider&apos; panicked at tests/user_test/mod.rs:258:21:
Body Error Some([BodyMismatch { path: &quot;$&quot;, expected: Some(b&quot;null&quot;), actual: Some(b&quot;{\&quot;comment\&quot;:\&quot;unit added \&quot;,\&quot;id\&quot;:1,\&quot;user_name\&quot;:\&quot;subhankar\&quot;}&quot;), mismatch: &quot;Expected body &apos;null&apos; to match &apos;{\&quot;comment\&quot;:\&quot;unit added \&quot;,\&quot;id\&quot;:1,\&quot;user_name\&quot;:\&quot;subhankar\&quot;}&apos; using equality but did not match&quot; }])
note: run with `RUST_BACKTRACE=1` environment variable to display a backtrace
</failure></testcase>
</testsuite>